2014-04-02 19:39:29.566 [notice] <0.63.0>@lager_app:132 Deprecated lager_file_backend config detected, please consider updating it
2014-04-02 19:39:29.583 [info] <0.7.0> Application lager started on node testblog@rmjorge
2014-04-02 19:39:29.643 [info] <0.7.0> Application crypto started on node testblog@rmjorge
2014-04-02 19:39:29.656 [info] <0.7.0> Application mimetypes started on node testblog@rmjorge
2014-04-02 19:39:29.728 [info] <0.99.0> Starting Boss in development mode....

2014-04-02 19:39:29.743 [info] <0.99.0>@boss_db:start:72 Start Database Adapter boss_db_adapter_mock options [{adapter,mock},{cache_enable,false},{cache_prefix,db},{shards,[]},{is_master_node,true},{db_host,"localhost"},{db_port,1978}]
2014-04-02 19:39:29.806 [info] <0.99.0> Starting master services on testblog@rmjorge

2014-04-02 19:39:29.831 [info] <0.7.0> Application tinymq started on node testblog@rmjorge
2014-04-02 19:39:29.863 [info] <0.99.0> SSL:[]

2014-04-02 19:39:29.867 [info] <0.99.0> Starting cowboy... on testblog@rmjorge

2014-04-02 19:39:29.871 [info] <0.7.0> Application cowlib started on node testblog@rmjorge
2014-04-02 19:39:29.875 [info] <0.7.0> Application ranch started on node testblog@rmjorge
2014-04-02 19:39:29.889 [info] <0.7.0> Application cowboy started on node testblog@rmjorge
2014-04-02 19:39:29.889 [info] <0.99.0> Starting http listener... on 0.0.0.0:8001 

2014-04-02 19:39:29.971 [info] <0.99.0>@boss_load:load_all_modules:57 Loading application testblog
2014-04-02 19:39:29.987 [notice] <0.99.0>@boss_compiler:compile:47 Compile file "/home/rmjorge/Documentos/testblog/src/mail/testblog_incoming_mail_controller.erl" with options [{out_dir,undefined},{include_dirs,["/home/rmjorge/Documentos/testblog/include"]},{compiler_options,[{parse_transform,lager_transform},return_errors]}] 
2014-04-02 19:39:30.030 [notice] <0.99.0>@boss_compiler:compile:47 Compile file "/home/rmjorge/Documentos/testblog/src/mail/testblog_outgoing_mail_controller.erl" with options [{out_dir,undefined},{include_dirs,["/home/rmjorge/Documentos/testblog/include"]},{compiler_options,[{parse_transform,lager_transform},return_errors]}] 
2014-04-02 19:39:30.049 [info] <0.99.0>@boss_controller_compiler:compile:59 Compile controller /home/rmjorge/Documentos/testblog/src/controller/rahm_greeting_controller.erl with options [{out_dir,undefined},{include_dirs,["/home/rmjorge/Documentos/testblog/include"]},{compiler_options,[{parse_transform,lager_transform},return_errors]}]
2014-04-02 19:39:30.049 [notice] <0.99.0>@boss_compiler:compile:47 Compile file "/home/rmjorge/Documentos/testblog/src/controller/rahm_greeting_controller.erl" with options [debug_info,{pre_revert_transform,#Fun<boss_controller_compiler.add_routes_to_forms.1>},{out_dir,undefined},{include_dirs,["/home/rmjorge/Documentos/testblog/include"]},{compiler_options,[{parse_transform,lager_transform},return_errors]}] 
2014-04-02 19:39:30.064 [notice] <0.99.0>@boss_compiler:compile:47 Compile file "/home/rmjorge/Documentos/testblog/src/view/lib/tag_modules/testblog_custom_tags.erl" with options [{out_dir,undefined},{include_dirs,["/home/rmjorge/Documentos/testblog/include"]},{compiler_options,[{parse_transform,lager_transform},return_errors]}] 
2014-04-02 19:39:30.078 [notice] <0.99.0>@boss_compiler:compile:47 Compile file "/home/rmjorge/Documentos/testblog/src/view/lib/filter_modules/testblog_custom_filters.erl" with options [{out_dir,undefined},{include_dirs,["/home/rmjorge/Documentos/testblog/include"]},{compiler_options,[{parse_transform,lager_transform},return_errors]}] 
2014-04-02 19:39:30.080 [info] <0.99.0>@boss_load:compile_view_dir_erlydtl:311 Compile Modules "src/view/lib/tag_html"  testblog_view_lib_tags
2014-04-02 19:39:30.134 [notice] <0.99.0>@boss_compiler:compile:47 Compile file "/home/rmjorge/Documentos/testblog/priv/init/testblog_01_news.erl" with options [{include_dirs,["/home/rmjorge/Documentos/testblog/include"]}] 
2014-04-02 19:40:01.600 [notice] <0.277.0>@boss_web_controller_handle_request:handle_request:23 ApplicationForPath testblog
2014-04-02 19:40:01.607 [warning] <0.6.0> lager_error_logger_h dropped 82 messages in the last second that exceeded the limit of 50 messages/sec
2014-04-02 19:40:01.607 [info] <0.266.0> Loading routes from "/home/rmjorge/Documentos/testblog/priv/testblog.routes" ....
2014-04-02 19:40:01.611 [error] <0.277.0> GET /greeting/hello [testblog] 404 0ms
2014-04-02 19:40:02.498 [notice] <0.278.0>@boss_web_controller_handle_request:handle_request:23 ApplicationForPath testblog
2014-04-02 19:40:09.882 [notice] <0.280.0>@boss_web_controller_handle_request:handle_request:23 ApplicationForPath testblog
2014-04-02 19:40:09.882 [info] <0.266.0> Loading routes from "/home/rmjorge/Documentos/testblog/priv/testblog.routes" ....
2014-04-02 19:40:09.883 [error] <0.280.0> GET /greeting/hello [testblog] 404 0ms
2014-04-02 19:41:36.362 [notice] <0.283.0>@boss_web_controller_handle_request:handle_request:23 ApplicationForPath testblog
2014-04-02 19:41:36.363 [info] <0.266.0> Loading routes from "/home/rmjorge/Documentos/testblog/priv/testblog.routes" ....
2014-04-02 19:41:36.364 [error] <0.266.0> gen_server <0.266.0> terminated with reason: bad argument in call to erlang:list_to_atom(undefined) in boss_router_controller:handle_call/3 line 63
2014-04-02 19:41:36.365 [error] <0.266.0> CRASH REPORT Process <0.266.0> with 0 neighbours exited with reason: bad argument in call to erlang:list_to_atom(undefined) in boss_router_controller:handle_call/3 line 63 in gen_server:terminate/6 line 744
2014-04-02 19:41:36.365 [error] <0.265.0> Supervisor {<0.265.0>,boss_router_sup} had child router_controller started with boss_router_controller:start_link([{application,testblog},{controllers,["rahm_greeting_controller"]}]) at <0.266.0> exit with reason bad argument in call to erlang:list_to_atom(undefined) in boss_router_controller:handle_call/3 line 63 in context child_terminated
2014-04-02 19:41:36.365 [error] <0.283.0>@boss_web_controller_handle_request:handle_request:30 Unhandled Error: exit:{{badarg,[{erlang,list_to_atom,[undefined],[]},{boss_router_controller,handle_call,3,[{file,"src/boss/boss_router_controller.erl"},{line,63}]},{gen_server,handle_msg,5,[{file,"gen_server.erl"},{line,585}]},{proc_lib,init_p_do_apply,3,[{file,"proc_lib.erl"},{line,239}]}]},{gen_server,call,[<0.266.0>,{handle,404}]}}. Stacktrace: [{gen_server,call,2,[{file,"gen_server.erl"},{line,180}]},{boss_web_controller_handle_request,process_not_found,4,[{file,"src/boss/boss_web_controller_handle_request.erl"},{line,262}]},{boss_web_controller_handle_request,process_dynamic_request,4,[{file,"src/boss/boss_web_controller_handle_request.erl"},{line,250}]},{boss_web_controller_handle_request,process_request,4,[{file,"src/boss/boss_web_controller_handle_request.erl"},{line,222}]},{boss_web_controller_handle_request,set_timer,7,[{file,"src/boss/boss_web_controller_handle_request.erl"},{line,142}]},{boss_web_controller_handle_request,build_dynamic_response,4,[{file,"src/boss/boss_web_controller_handle_request.erl"},{line,115}]},{boss_web_controller_handle_request,handle_request,3,[{file,"src/boss/boss_web_controller_handle_request.erl"},{line,26}]},{mochicow_upgrade,upgrade,4,[{file,"src/mochicow_upgrade.erl"},{line,72}]}]
2014-04-02 19:41:36.367 [info] <0.286.0> Loading routes from "/home/rmjorge/Documentos/testblog/priv/testblog.routes" ....
2014-04-02 19:41:44.872 [notice] <0.288.0>@boss_web_controller_handle_request:handle_request:23 ApplicationForPath testblog
2014-04-02 19:41:44.873 [info] <0.286.0> Loading routes from "/home/rmjorge/Documentos/testblog/priv/testblog.routes" ....
2014-04-02 19:41:44.874 [error] <0.286.0> gen_server <0.286.0> terminated with reason: bad argument in call to erlang:list_to_atom(undefined) in boss_router_controller:handle_call/3 line 63
2014-04-02 19:41:44.874 [error] <0.286.0> CRASH REPORT Process <0.286.0> with 0 neighbours exited with reason: bad argument in call to erlang:list_to_atom(undefined) in boss_router_controller:handle_call/3 line 63 in gen_server:terminate/6 line 744
2014-04-02 19:41:44.874 [error] <0.265.0> Supervisor {<0.265.0>,boss_router_sup} had child router_controller started with boss_router_controller:start_link([{application,testblog},{controllers,["rahm_greeting_controller"]}]) at <0.286.0> exit with reason bad argument in call to erlang:list_to_atom(undefined) in boss_router_controller:handle_call/3 line 63 in context child_terminated
2014-04-02 19:41:44.875 [error] <0.288.0>@boss_web_controller_handle_request:handle_request:30 Unhandled Error: exit:{{badarg,[{erlang,list_to_atom,[undefined],[]},{boss_router_controller,handle_call,3,[{file,"src/boss/boss_router_controller.erl"},{line,63}]},{gen_server,handle_msg,5,[{file,"gen_server.erl"},{line,585}]},{proc_lib,init_p_do_apply,3,[{file,"proc_lib.erl"},{line,239}]}]},{gen_server,call,[<0.286.0>,{handle,404}]}}. Stacktrace: [{gen_server,call,2,[{file,"gen_server.erl"},{line,180}]},{boss_web_controller_handle_request,process_not_found,4,[{file,"src/boss/boss_web_controller_handle_request.erl"},{line,262}]},{boss_web_controller_handle_request,process_dynamic_request,4,[{file,"src/boss/boss_web_controller_handle_request.erl"},{line,250}]},{boss_web_controller_handle_request,process_request,4,[{file,"src/boss/boss_web_controller_handle_request.erl"},{line,222}]},{boss_web_controller_handle_request,set_timer,7,[{file,"src/boss/boss_web_controller_handle_request.erl"},{line,142}]},{boss_web_controller_handle_request,build_dynamic_response,4,[{file,"src/boss/boss_web_controller_handle_request.erl"},{line,115}]},{boss_web_controller_handle_request,handle_request,3,[{file,"src/boss/boss_web_controller_handle_request.erl"},{line,26}]},{mochicow_upgrade,upgrade,4,[{file,"src/mochicow_upgrade.erl"},{line,72}]}]
2014-04-02 19:41:44.876 [info] <0.290.0> Loading routes from "/home/rmjorge/Documentos/testblog/priv/testblog.routes" ....
2014-04-02 19:41:45.686 [notice] <0.292.0>@boss_web_controller_handle_request:handle_request:23 ApplicationForPath testblog
2014-04-02 19:41:45.687 [info] <0.290.0> Loading routes from "/home/rmjorge/Documentos/testblog/priv/testblog.routes" ....
2014-04-02 19:41:45.688 [error] <0.290.0> gen_server <0.290.0> terminated with reason: bad argument in call to erlang:list_to_atom(undefined) in boss_router_controller:handle_call/3 line 63
2014-04-02 19:41:45.688 [error] <0.290.0> CRASH REPORT Process <0.290.0> with 0 neighbours exited with reason: bad argument in call to erlang:list_to_atom(undefined) in boss_router_controller:handle_call/3 line 63 in gen_server:terminate/6 line 744
2014-04-02 19:41:45.689 [error] <0.265.0> Supervisor {<0.265.0>,boss_router_sup} had child router_controller started with boss_router_controller:start_link([{application,testblog},{controllers,["rahm_greeting_controller"]}]) at <0.290.0> exit with reason bad argument in call to erlang:list_to_atom(undefined) in boss_router_controller:handle_call/3 line 63 in context child_terminated
2014-04-02 19:41:45.689 [error] <0.292.0>@boss_web_controller_handle_request:handle_request:30 Unhandled Error: exit:{{badarg,[{erlang,list_to_atom,[undefined],[]},{boss_router_controller,handle_call,3,[{file,"src/boss/boss_router_controller.erl"},{line,63}]},{gen_server,handle_msg,5,[{file,"gen_server.erl"},{line,585}]},{proc_lib,init_p_do_apply,3,[{file,"proc_lib.erl"},{line,239}]}]},{gen_server,call,[<0.290.0>,{handle,404}]}}. Stacktrace: [{gen_server,call,2,[{file,"gen_server.erl"},{line,180}]},{boss_web_controller_handle_request,process_not_found,4,[{file,"src/boss/boss_web_controller_handle_request.erl"},{line,262}]},{boss_web_controller_handle_request,process_dynamic_request,4,[{file,"src/boss/boss_web_controller_handle_request.erl"},{line,250}]},{boss_web_controller_handle_request,process_request,4,[{file,"src/boss/boss_web_controller_handle_request.erl"},{line,222}]},{boss_web_controller_handle_request,set_timer,7,[{file,"src/boss/boss_web_controller_handle_request.erl"},{line,142}]},{boss_web_controller_handle_request,build_dynamic_response,4,[{file,"src/boss/boss_web_controller_handle_request.erl"},{line,115}]},{boss_web_controller_handle_request,handle_request,3,[{file,"src/boss/boss_web_controller_handle_request.erl"},{line,26}]},{mochicow_upgrade,upgrade,4,[{file,"src/mochicow_upgrade.erl"},{line,72}]}]
2014-04-02 19:41:45.690 [info] <0.294.0> Loading routes from "/home/rmjorge/Documentos/testblog/priv/testblog.routes" ....
2014-04-02 19:46:04.460 [notice] <0.297.0>@boss_web_controller_handle_request:handle_request:23 ApplicationForPath testblog
2014-04-02 19:46:04.460 [info] <0.294.0> Loading routes from "/home/rmjorge/Documentos/testblog/priv/testblog.routes" ....
2014-04-02 19:46:04.461 [notice] <0.297.0>@boss_compiler:compile:47 Compile file "/home/rmjorge/Documentos/testblog/src/mail/testblog_incoming_mail_controller.erl" with options [{out_dir,undefined},{include_dirs,["/home/rmjorge/Documentos/testblog/include"]},{compiler_options,[{parse_transform,lager_transform},return_errors]}] 
2014-04-02 19:46:04.463 [notice] <0.297.0>@boss_compiler:compile:47 Compile file "/home/rmjorge/Documentos/testblog/src/mail/testblog_outgoing_mail_controller.erl" with options [{out_dir,undefined},{include_dirs,["/home/rmjorge/Documentos/testblog/include"]},{compiler_options,[{parse_transform,lager_transform},return_errors]}] 
2014-04-02 19:46:04.467 [notice] <0.297.0>@boss_compiler:compile:47 Compile file "/home/rmjorge/Documentos/testblog/src/view/lib/tag_modules/testblog_custom_tags.erl" with options [{out_dir,undefined},{include_dirs,["/home/rmjorge/Documentos/testblog/include"]},{compiler_options,[{parse_transform,lager_transform},return_errors]}] 
2014-04-02 19:46:04.471 [notice] <0.297.0>@boss_compiler:compile:47 Compile file "/home/rmjorge/Documentos/testblog/src/view/lib/filter_modules/testblog_custom_filters.erl" with options [{out_dir,undefined},{include_dirs,["/home/rmjorge/Documentos/testblog/include"]},{compiler_options,[{parse_transform,lager_transform},return_errors]}] 
2014-04-02 19:46:04.488 [info] <0.297.0>@boss_controller_compiler:compile:59 Compile controller /home/rmjorge/Documentos/testblog/src/controller/testblog_greeting_controller.erl with options [{out_dir,undefined},{include_dirs,["/home/rmjorge/Documentos/testblog/include"]},{compiler_options,[{parse_transform,lager_transform},return_errors]}]
2014-04-02 19:46:04.488 [notice] <0.297.0>@boss_compiler:compile:47 Compile file "/home/rmjorge/Documentos/testblog/src/controller/testblog_greeting_controller.erl" with options [debug_info,{pre_revert_transform,#Fun<boss_controller_compiler.add_routes_to_forms.1>},{out_dir,undefined},{include_dirs,["/home/rmjorge/Documentos/testblog/include"]},{compiler_options,[{parse_transform,lager_transform},return_errors]}] 
2014-04-02 19:46:04.506 [info] <0.297.0>@boss_load:compile_view_dir_erlydtl:311 Compile Modules "src/view/lib/tag_html"  testblog_view_lib_tags
2014-04-02 19:46:04.511 [info] <0.297.0>@boss_load:compile_view_dir_erlydtl:311 Compile Modules "src/view/lib/tag_html"  testblog_view_lib_tags
2014-04-02 19:46:04.517 [info] <0.297.0>@boss_load:compile_view_dir_erlydtl:311 Compile Modules "src/view/lib/tag_html"  testblog_view_lib_tags
2014-04-02 19:46:04.523 [info] <0.297.0>@boss_load:compile_view_dir_erlydtl:311 Compile Modules "src/view/lib/tag_html"  testblog_view_lib_tags
2014-04-02 19:46:04.534 [info] <0.297.0>@boss_load:compile_view_dir_erlydtl:311 Compile Modules "src/view/lib/tag_html"  testblog_view_lib_tags
2014-04-02 19:46:04.540 [info] <0.297.0>@boss_load:compile_view_dir_erlydtl:311 Compile Modules "src/view/lib/tag_html"  testblog_view_lib_tags
2014-04-02 19:46:04.555 [error] <0.294.0> gen_server <0.294.0> terminated with reason: bad argument in call to erlang:list_to_atom(undefined) in boss_router_controller:handle_call/3 line 63
2014-04-02 19:46:04.556 [error] <0.294.0> CRASH REPORT Process <0.294.0> with 0 neighbours exited with reason: bad argument in call to erlang:list_to_atom(undefined) in boss_router_controller:handle_call/3 line 63 in gen_server:terminate/6 line 744
2014-04-02 19:46:04.556 [error] <0.297.0>@boss_web_controller_handle_request:handle_request:30 Unhandled Error: exit:{{badarg,[{erlang,list_to_atom,[undefined],[]},{boss_router_controller,handle_call,3,[{file,"src/boss/boss_router_controller.erl"},{line,63}]},{gen_server,handle_msg,5,[{file,"gen_server.erl"},{line,585}]},{proc_lib,init_p_do_apply,3,[{file,"proc_lib.erl"},{line,239}]}]},{gen_server,call,[<0.294.0>,{handle,404}]}}. Stacktrace: [{gen_server,call,2,[{file,"gen_server.erl"},{line,180}]},{boss_web_controller_handle_request,process_not_found,4,[{file,"src/boss/boss_web_controller_handle_request.erl"},{line,262}]},{boss_web_controller_handle_request,process_dynamic_request,4,[{file,"src/boss/boss_web_controller_handle_request.erl"},{line,241}]},{boss_web_controller_handle_request,process_request,4,[{file,"src/boss/boss_web_controller_handle_request.erl"},{line,222}]},{boss_web_controller_handle_request,set_timer,7,[{file,"src/boss/boss_web_controller_handle_request.erl"},{line,142}]},{boss_web_controller_handle_request,build_dynamic_response,4,[{file,"src/boss/boss_web_controller_handle_request.erl"},{line,115}]},{boss_web_controller_handle_request,handle_request,3,[{file,"src/boss/boss_web_controller_handle_request.erl"},{line,26}]},{mochicow_upgrade,upgrade,4,[{file,"src/mochicow_upgrade.erl"},{line,72}]}]
2014-04-02 19:46:04.556 [error] <0.265.0> Supervisor {<0.265.0>,boss_router_sup} had child router_controller started with boss_router_controller:start_link([{application,testblog},{controllers,["rahm_greeting_controller"]}]) at <0.294.0> exit with reason bad argument in call to erlang:list_to_atom(undefined) in boss_router_controller:handle_call/3 line 63 in context child_terminated
2014-04-02 19:46:04.556 [info] <0.311.0> Loading routes from "/home/rmjorge/Documentos/testblog/priv/testblog.routes" ....
2014-04-02 19:46:12.362 [notice] <0.313.0>@boss_web_controller_handle_request:handle_request:23 ApplicationForPath testblog
2014-04-02 19:46:12.363 [info] <0.311.0> Loading routes from "/home/rmjorge/Documentos/testblog/priv/testblog.routes" ....
2014-04-02 19:46:12.364 [notice] <0.313.0>@boss_compiler:compile:47 Compile file "/home/rmjorge/Documentos/testblog/src/mail/testblog_incoming_mail_controller.erl" with options [{out_dir,undefined},{include_dirs,["/home/rmjorge/Documentos/testblog/include"]},{compiler_options,[{parse_transform,lager_transform},return_errors]}] 
2014-04-02 19:46:12.378 [notice] <0.313.0>@boss_compiler:compile:47 Compile file "/home/rmjorge/Documentos/testblog/src/mail/testblog_outgoing_mail_controller.erl" with options [{out_dir,undefined},{include_dirs,["/home/rmjorge/Documentos/testblog/include"]},{compiler_options,[{parse_transform,lager_transform},return_errors]}] 
2014-04-02 19:46:12.385 [notice] <0.313.0>@boss_compiler:compile:47 Compile file "/home/rmjorge/Documentos/testblog/src/view/lib/tag_modules/testblog_custom_tags.erl" with options [{out_dir,undefined},{include_dirs,["/home/rmjorge/Documentos/testblog/include"]},{compiler_options,[{parse_transform,lager_transform},return_errors]}] 
2014-04-02 19:46:12.389 [notice] <0.313.0>@boss_compiler:compile:47 Compile file "/home/rmjorge/Documentos/testblog/src/view/lib/filter_modules/testblog_custom_filters.erl" with options [{out_dir,undefined},{include_dirs,["/home/rmjorge/Documentos/testblog/include"]},{compiler_options,[{parse_transform,lager_transform},return_errors]}] 
2014-04-02 19:46:12.406 [info] <0.313.0>@boss_controller_compiler:compile:59 Compile controller /home/rmjorge/Documentos/testblog/src/controller/testblog_greeting_controller.erl with options [{out_dir,undefined},{include_dirs,["/home/rmjorge/Documentos/testblog/include"]},{compiler_options,[{parse_transform,lager_transform},return_errors]}]
2014-04-02 19:46:12.406 [notice] <0.313.0>@boss_compiler:compile:47 Compile file "/home/rmjorge/Documentos/testblog/src/controller/testblog_greeting_controller.erl" with options [debug_info,{pre_revert_transform,#Fun<boss_controller_compiler.add_routes_to_forms.1>},{out_dir,undefined},{include_dirs,["/home/rmjorge/Documentos/testblog/include"]},{compiler_options,[{parse_transform,lager_transform},return_errors]}] 
2014-04-02 19:46:12.412 [info] <0.313.0>@boss_load:compile_view_dir_erlydtl:311 Compile Modules "src/view/lib/tag_html"  testblog_view_lib_tags
2014-04-02 19:46:12.421 [info] <0.313.0>@boss_load:compile_view_dir_erlydtl:311 Compile Modules "src/view/lib/tag_html"  testblog_view_lib_tags
2014-04-02 19:46:12.427 [info] <0.313.0>@boss_load:compile_view_dir_erlydtl:311 Compile Modules "src/view/lib/tag_html"  testblog_view_lib_tags
2014-04-02 19:46:12.434 [info] <0.313.0>@boss_load:compile_view_dir_erlydtl:311 Compile Modules "src/view/lib/tag_html"  testblog_view_lib_tags
2014-04-02 19:46:12.445 [info] <0.313.0>@boss_load:compile_view_dir_erlydtl:311 Compile Modules "src/view/lib/tag_html"  testblog_view_lib_tags
2014-04-02 19:46:12.451 [info] <0.313.0>@boss_load:compile_view_dir_erlydtl:311 Compile Modules "src/view/lib/tag_html"  testblog_view_lib_tags
2014-04-02 19:46:12.463 [error] <0.311.0> gen_server <0.311.0> terminated with reason: bad argument in call to erlang:list_to_atom(undefined) in boss_router_controller:handle_call/3 line 63
2014-04-02 19:46:12.464 [error] <0.311.0> CRASH REPORT Process <0.311.0> with 0 neighbours exited with reason: bad argument in call to erlang:list_to_atom(undefined) in boss_router_controller:handle_call/3 line 63 in gen_server:terminate/6 line 744
2014-04-02 19:46:12.464 [error] <0.265.0> Supervisor {<0.265.0>,boss_router_sup} had child router_controller started with boss_router_controller:start_link([{application,testblog},{controllers,["rahm_greeting_controller"]}]) at <0.311.0> exit with reason bad argument in call to erlang:list_to_atom(undefined) in boss_router_controller:handle_call/3 line 63 in context child_terminated
2014-04-02 19:46:12.464 [error] <0.313.0>@boss_web_controller_handle_request:handle_request:30 Unhandled Error: exit:{{badarg,[{erlang,list_to_atom,[undefined],[]},{boss_router_controller,handle_call,3,[{file,"src/boss/boss_router_controller.erl"},{line,63}]},{gen_server,handle_msg,5,[{file,"gen_server.erl"},{line,585}]},{proc_lib,init_p_do_apply,3,[{file,"proc_lib.erl"},{line,239}]}]},{gen_server,call,[<0.311.0>,{handle,404}]}}. Stacktrace: [{gen_server,call,2,[{file,"gen_server.erl"},{line,180}]},{boss_web_controller_handle_request,process_not_found,4,[{file,"src/boss/boss_web_controller_handle_request.erl"},{line,262}]},{boss_web_controller_handle_request,process_dynamic_request,4,[{file,"src/boss/boss_web_controller_handle_request.erl"},{line,241}]},{boss_web_controller_handle_request,process_request,4,[{file,"src/boss/boss_web_controller_handle_request.erl"},{line,222}]},{boss_web_controller_handle_request,set_timer,7,[{file,"src/boss/boss_web_controller_handle_request.erl"},{line,142}]},{boss_web_controller_handle_request,build_dynamic_response,4,[{file,"src/boss/boss_web_controller_handle_request.erl"},{line,115}]},{boss_web_controller_handle_request,handle_request,3,[{file,"src/boss/boss_web_controller_handle_request.erl"},{line,26}]},{mochicow_upgrade,upgrade,4,[{file,"src/mochicow_upgrade.erl"},{line,72}]}]
2014-04-02 19:46:12.465 [info] <0.326.0> Loading routes from "/home/rmjorge/Documentos/testblog/priv/testblog.routes" ....
2014-04-02 19:58:00.401 [notice] <0.328.0>@boss_web_controller_handle_request:handle_request:23 ApplicationForPath testblog
2014-04-02 19:58:00.401 [info] <0.326.0> Loading routes from "/home/rmjorge/Documentos/testblog/priv/testblog.routes" ....
2014-04-02 19:58:00.402 [notice] <0.328.0>@boss_compiler:compile:47 Compile file "/home/rmjorge/Documentos/testblog/src/mail/testblog_incoming_mail_controller.erl" with options [{out_dir,undefined},{include_dirs,["/home/rmjorge/Documentos/testblog/include"]},{compiler_options,[{parse_transform,lager_transform},return_errors]}] 
2014-04-02 19:58:00.410 [notice] <0.328.0>@boss_compiler:compile:47 Compile file "/home/rmjorge/Documentos/testblog/src/mail/testblog_outgoing_mail_controller.erl" with options [{out_dir,undefined},{include_dirs,["/home/rmjorge/Documentos/testblog/include"]},{compiler_options,[{parse_transform,lager_transform},return_errors]}] 
2014-04-02 19:58:00.429 [notice] <0.328.0>@boss_compiler:compile:47 Compile file "/home/rmjorge/Documentos/testblog/src/view/lib/tag_modules/testblog_custom_tags.erl" with options [{out_dir,undefined},{include_dirs,["/home/rmjorge/Documentos/testblog/include"]},{compiler_options,[{parse_transform,lager_transform},return_errors]}] 
2014-04-02 19:58:00.436 [notice] <0.328.0>@boss_compiler:compile:47 Compile file "/home/rmjorge/Documentos/testblog/src/view/lib/filter_modules/testblog_custom_filters.erl" with options [{out_dir,undefined},{include_dirs,["/home/rmjorge/Documentos/testblog/include"]},{compiler_options,[{parse_transform,lager_transform},return_errors]}] 
2014-04-02 19:58:00.454 [info] <0.328.0>@boss_controller_compiler:compile:59 Compile controller /home/rmjorge/Documentos/testblog/src/controller/testblog_greeting_controller.erl with options [{out_dir,undefined},{include_dirs,["/home/rmjorge/Documentos/testblog/include"]},{compiler_options,[{parse_transform,lager_transform},return_errors]}]
2014-04-02 19:58:00.454 [notice] <0.328.0>@boss_compiler:compile:47 Compile file "/home/rmjorge/Documentos/testblog/src/controller/testblog_greeting_controller.erl" with options [debug_info,{pre_revert_transform,#Fun<boss_controller_compiler.add_routes_to_forms.1>},{out_dir,undefined},{include_dirs,["/home/rmjorge/Documentos/testblog/include"]},{compiler_options,[{parse_transform,lager_transform},return_errors]}] 
2014-04-02 19:58:00.460 [notice] <0.328.0>@boss_web_controller:execute_action:294 execute_action {"greeting","hello",[]}
2014-04-02 19:58:00.576 [notice] <0.328.0>@boss_web_controller:execute_action_inner:324 Request Method 'GET'
2014-04-02 19:58:00.576 [notice] <0.328.0>@boss_web_controller:execute_action_inner:336 Apply Action {simple_bridge_request_wrapper,mochiweb_request_bridge,{mochicow_request,#Port<0.39543>,'GET',"/greeting/hello",'HTTP/1.1',{7,{"host",{"host","localhost:8001"},{"connection",{"connection","keep-alive"},{"cache-control",{"cache-control","max-age=0"},{"accept",{"accept","text/html,application/xhtml+xml,application/xml;q=0.9,image/webp,*/*;q=0.8"},nil,{"accept-encoding",{"accept-encoding","gzip,deflate,sdch"},nil,{"accept-language",{"accept-language","en-US,en;q=0.8,pt;q=0.6"},nil,nil}}},nil},nil},{"user-agent",{"user-agent","Mozilla/5.0 (X11; Linux x86_64) AppleWebKit/537.36 (KHTML, like Gecko) Ubuntu Chromium/33.0.1750.152 Chrome/33.0.1750.152 Safari/537.36"},nil,nil}}},<<>>},false,[],[],none}
2014-04-02 19:58:00.597 [notice] <0.328.0>@boss_controller_adapter_pmod:action:91 Request Method 'GET'
2014-04-02 19:58:00.597 [notice] <0.328.0>@boss_controller_adapter_pmod:action:92 Tokens []
2014-04-02 19:58:00.598 [info] <0.328.0> GET /greeting/hello [testblog] 200 0ms
2014-04-02 20:03:35.100 [info] <0.7.0> Application lager started on node nonode@nohost
2014-04-02 20:03:35.156 [info] <0.2.0>@boss_load:load_all_modules:57 Loading application testblog
2014-04-02 20:03:35.156 [notice] <0.2.0>@boss_compiler:compile:47 Compile file "/home/rmjorge/Documentos/testblog/src/test/functional/testblog_test.erl" with options [{out_dir,"ebin"},{include_dirs,["/home/rmjorge/Documentos/testblog/include"]},{compiler_options,[{parse_transform,lager_transform},return_errors]}] 
2014-04-02 20:03:35.161 [notice] <0.2.0>@boss_compiler:compile:47 Compile file "/home/rmjorge/Documentos/testblog/src/mail/testblog_incoming_mail_controller.erl" with options [{out_dir,"ebin"},{include_dirs,["/home/rmjorge/Documentos/testblog/include"]},{compiler_options,[{parse_transform,lager_transform},return_errors]}] 
2014-04-02 20:03:35.179 [notice] <0.2.0>@boss_compiler:compile:47 Compile file "/home/rmjorge/Documentos/testblog/src/mail/testblog_outgoing_mail_controller.erl" with options [{out_dir,"ebin"},{include_dirs,["/home/rmjorge/Documentos/testblog/include"]},{compiler_options,[{parse_transform,lager_transform},return_errors]}] 
2014-04-02 20:03:35.182 [info] <0.2.0>@boss_controller_compiler:compile:59 Compile controller /home/rmjorge/Documentos/testblog/src/controller/testblog_greeting_controller.erl with options [{out_dir,"ebin"},{include_dirs,["/home/rmjorge/Documentos/testblog/include"]},{compiler_options,[{parse_transform,lager_transform},return_errors]}]
2014-04-02 20:03:35.182 [notice] <0.2.0>@boss_compiler:compile:47 Compile file "/home/rmjorge/Documentos/testblog/src/controller/testblog_greeting_controller.erl" with options [debug_info,{pre_revert_transform,#Fun<boss_controller_compiler.add_routes_to_forms.1>},{out_dir,"ebin"},{include_dirs,["/home/rmjorge/Documentos/testblog/include"]},{compiler_options,[{parse_transform,lager_transform},return_errors]}] 
2014-04-02 20:03:35.186 [notice] <0.2.0>@boss_compiler:compile:47 Compile file "/home/rmjorge/Documentos/testblog/src/view/lib/tag_modules/testblog_custom_tags.erl" with options [{out_dir,"ebin"},{include_dirs,["/home/rmjorge/Documentos/testblog/include"]},{compiler_options,[{parse_transform,lager_transform},return_errors]}] 
2014-04-02 20:03:35.188 [notice] <0.2.0>@boss_compiler:compile:47 Compile file "/home/rmjorge/Documentos/testblog/src/view/lib/filter_modules/testblog_custom_filters.erl" with options [{out_dir,"ebin"},{include_dirs,["/home/rmjorge/Documentos/testblog/include"]},{compiler_options,[{parse_transform,lager_transform},return_errors]}] 
2014-04-02 20:03:35.190 [info] <0.2.0>@boss_load:compile_view_dir_erlydtl:311 Compile Modules "src/view/lib/tag_html"  testblog_view_lib_tags
2014-04-02 20:04:29.438 [error] <0.114.0> Supervisor {<0.114.0>,poolboy_sup} had child boss_session_controller started with boss_session_controller:start_link([{name,{local,boss_session_pool}},{worker_module,boss_session_controller},{size,20},{max_overflow,...},...]) at undefined exit with reason shutdown in context shutdown_error
2014-04-02 20:04:36.501 [info] <0.7.0> Application lager started on node nonode@nohost
2014-04-02 20:04:36.540 [info] <0.2.0>@boss_load:load_all_modules:57 Loading application testblog
2014-04-02 20:04:36.541 [notice] <0.2.0>@boss_compiler:compile:47 Compile file "/home/rmjorge/Documentos/testblog/src/test/functional/testblog_test.erl" with options [{out_dir,"ebin"},{include_dirs,["/home/rmjorge/Documentos/testblog/include"]},{compiler_options,[{parse_transform,lager_transform},return_errors]}] 
2014-04-02 20:04:36.556 [notice] <0.2.0>@boss_compiler:compile:47 Compile file "/home/rmjorge/Documentos/testblog/src/mail/testblog_incoming_mail_controller.erl" with options [{out_dir,"ebin"},{include_dirs,["/home/rmjorge/Documentos/testblog/include"]},{compiler_options,[{parse_transform,lager_transform},return_errors]}] 
2014-04-02 20:04:36.569 [notice] <0.2.0>@boss_compiler:compile:47 Compile file "/home/rmjorge/Documentos/testblog/src/mail/testblog_outgoing_mail_controller.erl" with options [{out_dir,"ebin"},{include_dirs,["/home/rmjorge/Documentos/testblog/include"]},{compiler_options,[{parse_transform,lager_transform},return_errors]}] 
2014-04-02 20:04:36.572 [info] <0.2.0>@boss_controller_compiler:compile:59 Compile controller /home/rmjorge/Documentos/testblog/src/controller/testblog_greeting_controller.erl with options [{out_dir,"ebin"},{include_dirs,["/home/rmjorge/Documentos/testblog/include"]},{compiler_options,[{parse_transform,lager_transform},return_errors]}]
2014-04-02 20:04:36.573 [notice] <0.2.0>@boss_compiler:compile:47 Compile file "/home/rmjorge/Documentos/testblog/src/controller/testblog_greeting_controller.erl" with options [debug_info,{pre_revert_transform,#Fun<boss_controller_compiler.add_routes_to_forms.1>},{out_dir,"ebin"},{include_dirs,["/home/rmjorge/Documentos/testblog/include"]},{compiler_options,[{parse_transform,lager_transform},return_errors]}] 
2014-04-02 20:04:36.577 [notice] <0.2.0>@boss_compiler:compile:47 Compile file "/home/rmjorge/Documentos/testblog/src/view/lib/tag_modules/testblog_custom_tags.erl" with options [{out_dir,"ebin"},{include_dirs,["/home/rmjorge/Documentos/testblog/include"]},{compiler_options,[{parse_transform,lager_transform},return_errors]}] 
2014-04-02 20:04:36.579 [notice] <0.2.0>@boss_compiler:compile:47 Compile file "/home/rmjorge/Documentos/testblog/src/view/lib/filter_modules/testblog_custom_filters.erl" with options [{out_dir,"ebin"},{include_dirs,["/home/rmjorge/Documentos/testblog/include"]},{compiler_options,[{parse_transform,lager_transform},return_errors]}] 
2014-04-02 20:04:36.581 [info] <0.2.0>@boss_load:compile_view_dir_erlydtl:311 Compile Modules "src/view/lib/tag_html"  testblog_view_lib_tags
2014-04-02 20:04:36.914 [info] <0.7.0> Application testblog started on node nonode@nohost
2014-04-02 20:04:36.914 [info] <0.184.0> Loading routes from "/home/rmjorge/Documentos/testblog/priv/testblog.routes" ....
2014-04-02 20:04:36.915 [info] <0.2.0>@boss_db:start:72 Start Database Adapter boss_db_adapter_mock options [{adapter,mock}]
2014-04-02 20:04:36.927 [info] <0.7.0> Application tinymq started on node nonode@nohost
2014-04-02 20:04:36.927 [notice] <0.2.0>@boss_compiler:compile:47 Compile file "/home/rmjorge/Documentos/testblog/priv/init/testblog_01_news.erl" with options [{include_dirs,["/home/rmjorge/Documentos/testblog/include"]}] 
2014-04-02 20:04:36.931 [info] <0.2.0>@boss_load:load_all_modules:57 Loading application testblog
2014-04-02 20:04:36.932 [notice] <0.2.0>@boss_compiler:compile:47 Compile file "/home/rmjorge/Documentos/testblog/src/test/functional/testblog_test.erl" with options [{out_dir,undefined},{include_dirs,["/home/rmjorge/Documentos/testblog/include"]},{compiler_options,[{parse_transform,lager_transform},return_errors]}] 
2014-04-02 20:04:36.935 [notice] <0.2.0>@boss_compiler:compile:47 Compile file "/home/rmjorge/Documentos/testblog/src/mail/testblog_incoming_mail_controller.erl" with options [{out_dir,undefined},{include_dirs,["/home/rmjorge/Documentos/testblog/include"]},{compiler_options,[{parse_transform,lager_transform},return_errors]}] 
2014-04-02 20:04:36.937 [notice] <0.2.0>@boss_compiler:compile:47 Compile file "/home/rmjorge/Documentos/testblog/src/mail/testblog_outgoing_mail_controller.erl" with options [{out_dir,undefined},{include_dirs,["/home/rmjorge/Documentos/testblog/include"]},{compiler_options,[{parse_transform,lager_transform},return_errors]}] 
2014-04-02 20:04:36.941 [info] <0.2.0>@boss_controller_compiler:compile:59 Compile controller /home/rmjorge/Documentos/testblog/src/controller/testblog_greeting_controller.erl with options [{out_dir,undefined},{include_dirs,["/home/rmjorge/Documentos/testblog/include"]},{compiler_options,[{parse_transform,lager_transform},return_errors]}]
2014-04-02 20:04:36.941 [notice] <0.2.0>@boss_compiler:compile:47 Compile file "/home/rmjorge/Documentos/testblog/src/controller/testblog_greeting_controller.erl" with options [debug_info,{pre_revert_transform,#Fun<boss_controller_compiler.add_routes_to_forms.1>},{out_dir,undefined},{include_dirs,["/home/rmjorge/Documentos/testblog/include"]},{compiler_options,[{parse_transform,lager_transform},return_errors]}] 
2014-04-02 20:04:36.946 [notice] <0.2.0>@boss_compiler:compile:47 Compile file "/home/rmjorge/Documentos/testblog/src/view/lib/tag_modules/testblog_custom_tags.erl" with options [{out_dir,undefined},{include_dirs,["/home/rmjorge/Documentos/testblog/include"]},{compiler_options,[{parse_transform,lager_transform},return_errors]}] 
2014-04-02 20:04:36.948 [notice] <0.2.0>@boss_compiler:compile:47 Compile file "/home/rmjorge/Documentos/testblog/src/view/lib/filter_modules/testblog_custom_filters.erl" with options [{out_dir,undefined},{include_dirs,["/home/rmjorge/Documentos/testblog/include"]},{compiler_options,[{parse_transform,lager_transform},return_errors]}] 
2014-04-02 20:04:36.950 [info] <0.2.0>@boss_load:compile_view_dir_erlydtl:311 Compile Modules "src/view/lib/tag_html"  testblog_view_lib_tags
2014-04-02 20:04:36.956 [info] <0.184.0>@boss_router_controller:handle_call:90 Boss Route testblog "greeting" {state,testblog,["testblog_greeting_controller"],20498,24595,28692}
2014-04-02 20:04:36.956 [notice] <0.245.0>@boss_web_controller:execute_action:294 execute_action {"greeting","hello",[]}
2014-04-02 20:04:36.956 [notice] <0.245.0>@boss_web_controller:execute_action_inner:324 Request Method 'GET'
2014-04-02 20:04:36.956 [notice] <0.245.0>@boss_web_controller:execute_action_inner:336 Apply Action {simple_bridge_request_wrapper,mochiweb_request_bridge,{mochiweb_request,[false,'GET',"greeting/hello",{1,0},{0,nil}]},false,[],[],none}
2014-04-02 20:04:36.957 [notice] <0.245.0>@boss_controller_adapter_pmod:action:91 Request Method 'GET'
2014-04-02 20:04:36.957 [notice] <0.245.0>@boss_controller_adapter_pmod:action:92 Tokens []
2014-04-02 20:05:27.796 [info] <0.7.0> Application lager started on node testblog@rmjorge
2014-04-02 20:05:27.814 [info] <0.60.0> Starting Boss in production mode....

2014-04-02 20:05:27.823 [info] <0.60.0>@boss_db:start:72 Start Database Adapter boss_db_adapter_mock options [{adapter,mock},{cache_enable,false},{cache_prefix,db},{shards,[]},{is_master_node,true},{db_host,"localhost"},{db_port,1978}]
2014-04-02 20:05:27.861 [info] <0.60.0> Starting master services on testblog@rmjorge

2014-04-02 20:05:27.887 [info] <0.7.0> Application tinymq started on node testblog@rmjorge
2014-04-02 20:05:27.918 [notice] <0.72.0>@lager_app:132 Deprecated lager_file_backend config detected, please consider updating it
2014-04-02 20:05:27.925 [info] <0.60.0> SSL:[]

2014-04-02 20:05:27.929 [info] <0.60.0> Starting cowboy... on testblog@rmjorge

2014-04-02 20:05:27.933 [info] <0.7.0> Application cowlib started on node testblog@rmjorge
2014-04-02 20:05:27.939 [info] <0.7.0> Application ranch started on node testblog@rmjorge
2014-04-02 20:05:27.954 [info] <0.7.0> Application cowboy started on node testblog@rmjorge
2014-04-02 20:05:27.954 [info] <0.60.0> Starting http listener... on 0.0.0.0:8001 

2014-04-02 20:05:27.999 [notice] <0.60.0>@boss_compiler:compile:47 Compile file "../testblog/priv/init/testblog_01_news.erl" with options [{include_dirs,["/home/rmjorge/Documentos/testblog/include"]}] 
2014-04-02 20:05:48.536 [notice] <0.266.0>@boss_web_controller_handle_request:handle_request:23 ApplicationForPath testblog
2014-04-02 20:05:48.541 [notice] <0.266.0>@boss_web_controller:execute_action:294 execute_action {"greeting","hello",[]}
2014-04-02 20:05:48.547 [notice] <0.266.0>@boss_web_controller:execute_action_inner:324 Request Method 'GET'
2014-04-02 20:05:48.547 [notice] <0.266.0>@boss_web_controller:execute_action_inner:336 Apply Action {simple_bridge_request_wrapper,mochiweb_request_bridge,{mochicow_request,#Port<0.32244>,'GET',"/greeting/hello",'HTTP/1.1',{7,{"host",{"host","localhost:8001"},{"connection",{"connection","keep-alive"},{"cache-control",{"cache-control","max-age=0"},{"accept",{"accept","text/html,application/xhtml+xml,application/xml;q=0.9,image/webp,*/*;q=0.8"},nil,{"accept-encoding",{"accept-encoding","gzip,deflate,sdch"},nil,{"accept-language",{"accept-language","en-US,en;q=0.8,pt;q=0.6"},nil,nil}}},nil},nil},{"user-agent",{"user-agent","Mozilla/5.0 (X11; Linux x86_64) AppleWebKit/537.36 (KHTML, like Gecko) Ubuntu Chromium/33.0.1750.152 Chrome/33.0.1750.152 Safari/537.36"},nil,nil}}},<<>>},false,[],[],none}
2014-04-02 20:05:48.555 [notice] <0.266.0>@boss_controller_adapter_pmod:action:91 Request Method 'GET'
2014-04-02 20:05:48.555 [notice] <0.266.0>@boss_controller_adapter_pmod:action:92 Tokens []
2014-04-02 20:05:48.560 [warning] <0.6.0> lager_error_logger_h dropped 80 messages in the last second that exceeded the limit of 50 messages/sec
2014-04-02 20:05:48.560 [info] <0.266.0> GET /greeting/hello [testblog] 200 0ms
2014-04-02 20:05:54.439 [notice] <0.268.0>@boss_web_controller_handle_request:handle_request:23 ApplicationForPath testblog
2014-04-02 20:05:54.439 [notice] <0.268.0>@boss_web_controller:execute_action:294 execute_action {"greeting","hello",[]}
2014-04-02 20:05:54.440 [notice] <0.268.0>@boss_web_controller:execute_action_inner:324 Request Method 'GET'
2014-04-02 20:05:54.440 [notice] <0.268.0>@boss_web_controller:execute_action_inner:336 Apply Action {simple_bridge_request_wrapper,mochiweb_request_bridge,{mochicow_request,#Port<0.34066>,'GET',"/greeting/hello",'HTTP/1.1',{7,{"host",{"host","localhost:8001"},{"connection",{"connection","keep-alive"},{"cache-control",{"cache-control","max-age=0"},{"accept",{"accept","text/html,application/xhtml+xml,application/xml;q=0.9,image/webp,*/*;q=0.8"},nil,{"accept-encoding",{"accept-encoding","gzip,deflate,sdch"},nil,{"accept-language",{"accept-language","en-US,en;q=0.8,pt;q=0.6"},nil,nil}}},nil},nil},{"user-agent",{"user-agent","Mozilla/5.0 (X11; Linux x86_64) AppleWebKit/537.36 (KHTML, like Gecko) Ubuntu Chromium/33.0.1750.152 Chrome/33.0.1750.152 Safari/537.36"},nil,nil}}},<<>>},false,[],[],none}
2014-04-02 20:05:54.440 [notice] <0.268.0>@boss_controller_adapter_pmod:action:91 Request Method 'GET'
2014-04-02 20:05:54.440 [notice] <0.268.0>@boss_controller_adapter_pmod:action:92 Tokens []
2014-04-02 20:05:54.441 [info] <0.268.0> GET /greeting/hello [testblog] 200 0ms
2014-04-02 20:05:57.562 [notice] <0.269.0>@boss_web_controller_handle_request:handle_request:23 ApplicationForPath testblog
2014-04-02 20:05:57.562 [notice] <0.269.0>@boss_web_controller:execute_action:294 execute_action {"greeting","hell",[]}
2014-04-02 20:05:57.562 [notice] <0.269.0>@boss_web_controller:execute_action_inner:324 Request Method 'GET'
2014-04-02 20:05:57.563 [notice] <0.269.0>@boss_web_controller:execute_action_inner:336 Apply Action {simple_bridge_request_wrapper,mochiweb_request_bridge,{mochicow_request,#Port<0.34067>,'GET',"/greeting/hell",'HTTP/1.1',{6,{"host",{"host","localhost:8001"},{"connection",{"connection","keep-alive"},{"accept",{"accept","text/html,application/xhtml+xml,application/xml;q=0.9,image/webp,*/*;q=0.8"},nil,{"accept-encoding",{"accept-encoding","gzip,deflate,sdch"},nil,{"accept-language",{"accept-language","en-US,en;q=0.8,pt;q=0.6"},nil,nil}}},nil},{"user-agent",{"user-agent","Mozilla/5.0 (X11; Linux x86_64) AppleWebKit/537.36 (KHTML, like Gecko) Ubuntu Chromium/33.0.1750.152 Chrome/33.0.1750.152 Safari/537.36"},nil,nil}}},<<>>},false,[],[],none}
2014-04-02 20:05:57.563 [notice] <0.269.0>@boss_controller_adapter_pmod:action:91 Request Method 'GET'
2014-04-02 20:05:57.563 [notice] <0.269.0>@boss_controller_adapter_pmod:action:92 Tokens []
2014-04-02 20:05:57.563 [notice] <0.269.0>@boss_controller_adapter_pmod:action:100 [ChicagoBoss] The function testblog_greeting_controller:hell/2 is not exported, if in doubt add -export([hell/2])) to the module
2014-04-02 20:05:57.611 [error] <0.261.0> gen_server <0.261.0> terminated with reason: bad argument in call to erlang:list_to_atom(undefined) in boss_router_controller:handle_call/3 line 63
2014-04-02 20:05:57.611 [error] <0.261.0> CRASH REPORT Process <0.261.0> with 0 neighbours exited with reason: bad argument in call to erlang:list_to_atom(undefined) in boss_router_controller:handle_call/3 line 63 in gen_server:terminate/6 line 744
2014-04-02 20:05:57.612 [error] <0.260.0> Supervisor {<0.260.0>,boss_router_sup} had child router_controller started with boss_router_controller:start_link([{application,testblog},{controllers,["testblog_greeting_controller"]}]) at <0.261.0> exit with reason bad argument in call to erlang:list_to_atom(undefined) in boss_router_controller:handle_call/3 line 63 in context child_terminated
2014-04-02 20:05:57.612 [info] <0.271.0> Loading routes from "../testblog/priv/testblog.routes" ....
2014-04-02 20:05:57.612 [error] <0.269.0>@boss_web_controller_handle_request:handle_request:30 Unhandled Error: exit:{{badarg,[{erlang,list_to_atom,[undefined],[]},{boss_router_controller,handle_call,3,[{file,"src/boss/boss_router_controller.erl"},{line,63}]},{gen_server,handle_msg,5,[{file,"gen_server.erl"},{line,585}]},{proc_lib,init_p_do_apply,3,[{file,"proc_lib.erl"},{line,239}]}]},{gen_server,call,[<0.261.0>,{handle,404}]}}. Stacktrace: [{gen_server,call,2,[{file,"gen_server.erl"},{line,180}]},{boss_web_controller_handle_request,process_not_found,4,[{file,"src/boss/boss_web_controller_handle_request.erl"},{line,262}]},{boss_web_controller_handle_request,process_dynamic_request,4,[{file,"src/boss/boss_web_controller_handle_request.erl"},{line,241}]},{boss_web_controller_handle_request,process_request,4,[{file,"src/boss/boss_web_controller_handle_request.erl"},{line,226}]},{boss_web_controller_handle_request,set_timer,7,[{file,"src/boss/boss_web_controller_handle_request.erl"},{line,142}]},{boss_web_controller_handle_request,build_dynamic_response,4,[{file,"src/boss/boss_web_controller_handle_request.erl"},{line,115}]},{boss_web_controller_handle_request,handle_request,3,[{file,"src/boss/boss_web_controller_handle_request.erl"},{line,26}]},{mochicow_upgrade,upgrade,4,[{file,"src/mochicow_upgrade.erl"},{line,72}]}]
