2014-04-02 19:40:01 =ERROR REPORT====
GET /greeting/hello [testblog] 404 0ms2014-04-02 19:40:09 =ERROR REPORT====
GET /greeting/hello [testblog] 404 0ms2014-04-02 19:41:36 =ERROR REPORT====
** Generic server <0.266.0> terminating 
** Last message in was {handle,404}
** When Server state == {state,testblog,["rahm_greeting_controller"],45086,49183,53280}
** Reason for termination == 
** {badarg,[{erlang,list_to_atom,[undefined],[]},{boss_router_controller,handle_call,3,[{file,"src/boss/boss_router_controller.erl"},{line,63}]},{gen_server,handle_msg,5,[{file,"gen_server.erl"},{line,585}]},{proc_lib,init_p_do_apply,3,[{file,"proc_lib.erl"},{line,239}]}]}
2014-04-02 19:41:36 =CRASH REPORT====
  crasher:
    initial call: boss_router_controller:init/1
    pid: <0.266.0>
    registered_name: []
    exception exit: {{badarg,[{erlang,list_to_atom,[undefined],[]},{boss_router_controller,handle_call,3,[{file,"src/boss/boss_router_controller.erl"},{line,63}]},{gen_server,handle_msg,5,[{file,"gen_server.erl"},{line,585}]},{proc_lib,init_p_do_apply,3,[{file,"proc_lib.erl"},{line,239}]}]},[{gen_server,terminate,6,[{file,"gen_server.erl"},{line,744}]},{proc_lib,init_p_do_apply,3,[{file,"proc_lib.erl"},{line,239}]}]}
    ancestors: [<0.265.0>,boss_web,boss_sup,<0.97.0>]
    messages: []
    links: [<0.265.0>]
    dictionary: [{boss_environment,development}]
    trap_exit: false
    status: running
    heap_size: 2586
    stack_size: 27
    reductions: 3954
  neighbours:
2014-04-02 19:41:36 =SUPERVISOR REPORT====
     Supervisor: {<0.265.0>,boss_router_sup}
     Context:    child_terminated
     Reason:     {badarg,[{erlang,list_to_atom,[undefined],[]},{boss_router_controller,handle_call,3,[{file,"src/boss/boss_router_controller.erl"},{line,63}]},{gen_server,handle_msg,5,[{file,"gen_server.erl"},{line,585}]},{proc_lib,init_p_do_apply,3,[{file,"proc_lib.erl"},{line,239}]}]}
     Offender:   [{pid,<0.266.0>},{name,router_controller},{mfargs,{boss_router_controller,start_link,[[{application,testblog},{controllers,["rahm_greeting_controller"]}]]}},{restart_type,permanent},{shutdown,2000},{child_type,worker}]

2014-04-02 19:41:44 =ERROR REPORT====
** Generic server <0.286.0> terminating 
** Last message in was {handle,404}
** When Server state == {state,testblog,["rahm_greeting_controller"],57376,61471,65566}
** Reason for termination == 
** {badarg,[{erlang,list_to_atom,[undefined],[]},{boss_router_controller,handle_call,3,[{file,"src/boss/boss_router_controller.erl"},{line,63}]},{gen_server,handle_msg,5,[{file,"gen_server.erl"},{line,585}]},{proc_lib,init_p_do_apply,3,[{file,"proc_lib.erl"},{line,239}]}]}
2014-04-02 19:41:44 =CRASH REPORT====
  crasher:
    initial call: boss_router_controller:init/1
    pid: <0.286.0>
    registered_name: []
    exception exit: {{badarg,[{erlang,list_to_atom,[undefined],[]},{boss_router_controller,handle_call,3,[{file,"src/boss/boss_router_controller.erl"},{line,63}]},{gen_server,handle_msg,5,[{file,"gen_server.erl"},{line,585}]},{proc_lib,init_p_do_apply,3,[{file,"proc_lib.erl"},{line,239}]}]},[{gen_server,terminate,6,[{file,"gen_server.erl"},{line,744}]},{proc_lib,init_p_do_apply,3,[{file,"proc_lib.erl"},{line,239}]}]}
    ancestors: [<0.265.0>,boss_web,boss_sup,<0.97.0>]
    messages: []
    links: [<0.265.0>]
    dictionary: [{boss_environment,development}]
    trap_exit: false
    status: running
    heap_size: 987
    stack_size: 27
    reductions: 2791
  neighbours:
2014-04-02 19:41:44 =SUPERVISOR REPORT====
     Supervisor: {<0.265.0>,boss_router_sup}
     Context:    child_terminated
     Reason:     {badarg,[{erlang,list_to_atom,[undefined],[]},{boss_router_controller,handle_call,3,[{file,"src/boss/boss_router_controller.erl"},{line,63}]},{gen_server,handle_msg,5,[{file,"gen_server.erl"},{line,585}]},{proc_lib,init_p_do_apply,3,[{file,"proc_lib.erl"},{line,239}]}]}
     Offender:   [{pid,<0.286.0>},{name,router_controller},{mfargs,{boss_router_controller,start_link,[[{application,testblog},{controllers,["rahm_greeting_controller"]}]]}},{restart_type,permanent},{shutdown,2000},{child_type,worker}]

2014-04-02 19:41:45 =ERROR REPORT====
** Generic server <0.290.0> terminating 
** Last message in was {handle,404}
** When Server state == {state,testblog,["rahm_greeting_controller"],69662,73759,77856}
** Reason for termination == 
** {badarg,[{erlang,list_to_atom,[undefined],[]},{boss_router_controller,handle_call,3,[{file,"src/boss/boss_router_controller.erl"},{line,63}]},{gen_server,handle_msg,5,[{file,"gen_server.erl"},{line,585}]},{proc_lib,init_p_do_apply,3,[{file,"proc_lib.erl"},{line,239}]}]}
2014-04-02 19:41:45 =CRASH REPORT====
  crasher:
    initial call: boss_router_controller:init/1
    pid: <0.290.0>
    registered_name: []
    exception exit: {{badarg,[{erlang,list_to_atom,[undefined],[]},{boss_router_controller,handle_call,3,[{file,"src/boss/boss_router_controller.erl"},{line,63}]},{gen_server,handle_msg,5,[{file,"gen_server.erl"},{line,585}]},{proc_lib,init_p_do_apply,3,[{file,"proc_lib.erl"},{line,239}]}]},[{gen_server,terminate,6,[{file,"gen_server.erl"},{line,744}]},{proc_lib,init_p_do_apply,3,[{file,"proc_lib.erl"},{line,239}]}]}
    ancestors: [<0.265.0>,boss_web,boss_sup,<0.97.0>]
    messages: []
    links: [<0.265.0>]
    dictionary: [{boss_environment,development}]
    trap_exit: false
    status: running
    heap_size: 987
    stack_size: 27
    reductions: 2791
  neighbours:
2014-04-02 19:41:45 =SUPERVISOR REPORT====
     Supervisor: {<0.265.0>,boss_router_sup}
     Context:    child_terminated
     Reason:     {badarg,[{erlang,list_to_atom,[undefined],[]},{boss_router_controller,handle_call,3,[{file,"src/boss/boss_router_controller.erl"},{line,63}]},{gen_server,handle_msg,5,[{file,"gen_server.erl"},{line,585}]},{proc_lib,init_p_do_apply,3,[{file,"proc_lib.erl"},{line,239}]}]}
     Offender:   [{pid,<0.290.0>},{name,router_controller},{mfargs,{boss_router_controller,start_link,[[{application,testblog},{controllers,["rahm_greeting_controller"]}]]}},{restart_type,permanent},{shutdown,2000},{child_type,worker}]

2014-04-02 19:46:04 =ERROR REPORT====
** Generic server <0.294.0> terminating 
** Last message in was {handle,404}
** When Server state == {state,testblog,["testblog_greeting_controller"],81952,86047,90142}
** Reason for termination == 
** {badarg,[{erlang,list_to_atom,[undefined],[]},{boss_router_controller,handle_call,3,[{file,"src/boss/boss_router_controller.erl"},{line,63}]},{gen_server,handle_msg,5,[{file,"gen_server.erl"},{line,585}]},{proc_lib,init_p_do_apply,3,[{file,"proc_lib.erl"},{line,239}]}]}
2014-04-02 19:46:04 =CRASH REPORT====
  crasher:
    initial call: boss_router_controller:init/1
    pid: <0.294.0>
    registered_name: []
    exception exit: {{badarg,[{erlang,list_to_atom,[undefined],[]},{boss_router_controller,handle_call,3,[{file,"src/boss/boss_router_controller.erl"},{line,63}]},{gen_server,handle_msg,5,[{file,"gen_server.erl"},{line,585}]},{proc_lib,init_p_do_apply,3,[{file,"proc_lib.erl"},{line,239}]}]},[{gen_server,terminate,6,[{file,"gen_server.erl"},{line,744}]},{proc_lib,init_p_do_apply,3,[{file,"proc_lib.erl"},{line,239}]}]}
    ancestors: [<0.265.0>,boss_web,boss_sup,<0.97.0>]
    messages: []
    links: [<0.265.0>]
    dictionary: [{boss_environment,development}]
    trap_exit: false
    status: running
    heap_size: 1598
    stack_size: 27
    reductions: 3134
  neighbours:
2014-04-02 19:46:04 =SUPERVISOR REPORT====
     Supervisor: {<0.265.0>,boss_router_sup}
     Context:    child_terminated
     Reason:     {badarg,[{erlang,list_to_atom,[undefined],[]},{boss_router_controller,handle_call,3,[{file,"src/boss/boss_router_controller.erl"},{line,63}]},{gen_server,handle_msg,5,[{file,"gen_server.erl"},{line,585}]},{proc_lib,init_p_do_apply,3,[{file,"proc_lib.erl"},{line,239}]}]}
     Offender:   [{pid,<0.294.0>},{name,router_controller},{mfargs,{boss_router_controller,start_link,[[{application,testblog},{controllers,["rahm_greeting_controller"]}]]}},{restart_type,permanent},{shutdown,2000},{child_type,worker}]

2014-04-02 19:46:12 =ERROR REPORT====
** Generic server <0.311.0> terminating 
** Last message in was {handle,404}
** When Server state == {state,testblog,["testblog_greeting_controller"],94238,98335,102432}
** Reason for termination == 
** {badarg,[{erlang,list_to_atom,[undefined],[]},{boss_router_controller,handle_call,3,[{file,"src/boss/boss_router_controller.erl"},{line,63}]},{gen_server,handle_msg,5,[{file,"gen_server.erl"},{line,585}]},{proc_lib,init_p_do_apply,3,[{file,"proc_lib.erl"},{line,239}]}]}
2014-04-02 19:46:12 =CRASH REPORT====
  crasher:
    initial call: boss_router_controller:init/1
    pid: <0.311.0>
    registered_name: []
    exception exit: {{badarg,[{erlang,list_to_atom,[undefined],[]},{boss_router_controller,handle_call,3,[{file,"src/boss/boss_router_controller.erl"},{line,63}]},{gen_server,handle_msg,5,[{file,"gen_server.erl"},{line,585}]},{proc_lib,init_p_do_apply,3,[{file,"proc_lib.erl"},{line,239}]}]},[{gen_server,terminate,6,[{file,"gen_server.erl"},{line,744}]},{proc_lib,init_p_do_apply,3,[{file,"proc_lib.erl"},{line,239}]}]}
    ancestors: [<0.265.0>,boss_web,boss_sup,<0.97.0>]
    messages: []
    links: [<0.265.0>]
    dictionary: [{boss_environment,development}]
    trap_exit: false
    status: running
    heap_size: 1598
    stack_size: 27
    reductions: 3503
  neighbours:
2014-04-02 19:46:12 =SUPERVISOR REPORT====
     Supervisor: {<0.265.0>,boss_router_sup}
     Context:    child_terminated
     Reason:     {badarg,[{erlang,list_to_atom,[undefined],[]},{boss_router_controller,handle_call,3,[{file,"src/boss/boss_router_controller.erl"},{line,63}]},{gen_server,handle_msg,5,[{file,"gen_server.erl"},{line,585}]},{proc_lib,init_p_do_apply,3,[{file,"proc_lib.erl"},{line,239}]}]}
     Offender:   [{pid,<0.311.0>},{name,router_controller},{mfargs,{boss_router_controller,start_link,[[{application,testblog},{controllers,["rahm_greeting_controller"]}]]}},{restart_type,permanent},{shutdown,2000},{child_type,worker}]

2014-04-02 20:04:29 =SUPERVISOR REPORT====
     Supervisor: {<0.114.0>,poolboy_sup}
     Context:    shutdown_error
     Reason:     shutdown
     Offender:   [{nb_children,1},{name,boss_session_controller},{mfargs,{boss_session_controller,start_link,[[{name,{local,boss_session_pool}},{worker_module,boss_session_controller},{size,20},{max_overflow,40},{adapter,boss_session_adapter_mock},{session_exp_time,525600},{session_key,"_boss_session"}]]}},{restart_type,temporary},{shutdown,5000},{child_type,worker}]

2014-04-02 20:05:57 =ERROR REPORT====
** Generic server <0.261.0> terminating 
** Last message in was {handle,404}
** When Server state == {state,testblog,["testblog_greeting_controller"],36893,40990,45087}
** Reason for termination == 
** {badarg,[{erlang,list_to_atom,[undefined],[]},{boss_router_controller,handle_call,3,[{file,"src/boss/boss_router_controller.erl"},{line,63}]},{gen_server,handle_msg,5,[{file,"gen_server.erl"},{line,585}]},{proc_lib,init_p_do_apply,3,[{file,"proc_lib.erl"},{line,239}]}]}
2014-04-02 20:05:57 =CRASH REPORT====
  crasher:
    initial call: boss_router_controller:init/1
    pid: <0.261.0>
    registered_name: []
    exception exit: {{badarg,[{erlang,list_to_atom,[undefined],[]},{boss_router_controller,handle_call,3,[{file,"src/boss/boss_router_controller.erl"},{line,63}]},{gen_server,handle_msg,5,[{file,"gen_server.erl"},{line,585}]},{proc_lib,init_p_do_apply,3,[{file,"proc_lib.erl"},{line,239}]}]},[{gen_server,terminate,6,[{file,"gen_server.erl"},{line,744}]},{proc_lib,init_p_do_apply,3,[{file,"proc_lib.erl"},{line,239}]}]}
    ancestors: [<0.260.0>,boss_web,boss_sup,<0.58.0>]
    messages: []
    links: [<0.260.0>]
    dictionary: [{boss_environment,production}]
    trap_exit: false
    status: running
    heap_size: 1598
    stack_size: 27
    reductions: 2304
  neighbours:
2014-04-02 20:05:57 =SUPERVISOR REPORT====
     Supervisor: {<0.260.0>,boss_router_sup}
     Context:    child_terminated
     Reason:     {badarg,[{erlang,list_to_atom,[undefined],[]},{boss_router_controller,handle_call,3,[{file,"src/boss/boss_router_controller.erl"},{line,63}]},{gen_server,handle_msg,5,[{file,"gen_server.erl"},{line,585}]},{proc_lib,init_p_do_apply,3,[{file,"proc_lib.erl"},{line,239}]}]}
     Offender:   [{pid,<0.261.0>},{name,router_controller},{mfargs,{boss_router_controller,start_link,[[{application,testblog},{controllers,["testblog_greeting_controller"]}]]}},{restart_type,permanent},{shutdown,2000},{child_type,worker}]

